2025-05-29T00:12:59.298+03:00  INFO 17756 --- [user-service] [main] c.e.user_service.UserServiceApplication  : Starting UserServiceApplication using Java 17.0.11 with PID 17756 (C:\Users\serha\Smart-Parking-System\Backend\user-service\target\classes started by serha in C:\Users\serha\Smart-Parking-System\Backend\user-service)
2025-05-29T00:12:59.304+03:00 DEBUG 17756 --- [user-service] [main] c.e.user_service.UserServiceApplication  : Running with Spring Boot v3.2.3, Spring v6.1.4
2025-05-29T00:12:59.306+03:00  INFO 17756 --- [user-service] [main] c.e.user_service.UserServiceApplication  : No active profile set, falling back to 1 default profile: "default"
2025-05-29T00:13:00.838+03:00  INFO 17756 --- [user-service] [main] .s.d.r.c.RepositoryConfigurationDelegate : Bootstrapping Spring Data JPA repositories in DEFAULT mode.
2025-05-29T00:13:00.899+03:00  INFO 17756 --- [user-service] [main] .s.d.r.c.RepositoryConfigurationDelegate : Finished Spring Data repository scanning in 54 ms. Found 3 JPA repository interfaces.
2025-05-29T00:13:01.730+03:00  INFO 17756 --- [user-service] [main] o.s.b.w.embedded.tomcat.TomcatWebServer  : Tomcat initialized with port 8050 (http)
2025-05-29T00:13:01.741+03:00  INFO 17756 --- [user-service] [main] o.apache.catalina.core.StandardService   : Starting service [Tomcat]
2025-05-29T00:13:01.742+03:00  INFO 17756 --- [user-service] [main] o.apache.catalina.core.StandardEngine    : Starting Servlet engine: [Apache Tomcat/10.1.19]
2025-05-29T00:13:01.814+03:00  INFO 17756 --- [user-service] [main] o.a.c.c.C.[Tomcat].[localhost].[/]       : Initializing Spring embedded WebApplicationContext
2025-05-29T00:13:01.814+03:00  INFO 17756 --- [user-service] [main] w.s.c.ServletWebServerApplicationContext : Root WebApplicationContext: initialization completed in 2463 ms
2025-05-29T00:13:02.079+03:00  INFO 17756 --- [user-service] [main] o.hibernate.jpa.internal.util.LogHelper  : HHH000204: Processing PersistenceUnitInfo [name: default]
2025-05-29T00:13:02.142+03:00  INFO 17756 --- [user-service] [main] org.hibernate.Version                    : HHH000412: Hibernate ORM core version 6.4.4.Final
2025-05-29T00:13:02.170+03:00  INFO 17756 --- [user-service] [main] o.h.c.internal.RegionFactoryInitiator    : HHH000026: Second-level cache disabled
2025-05-29T00:13:02.363+03:00  INFO 17756 --- [user-service] [main] o.s.o.j.p.SpringPersistenceUnitInfo      : No LoadTimeWeaver setup: ignoring JPA class transformer
2025-05-29T00:13:02.401+03:00  INFO 17756 --- [user-service] [main] com.zaxxer.hikari.HikariDataSource       : HikariPool-1 - Starting...
2025-05-29T00:13:03.275+03:00  INFO 17756 --- [user-service] [main] com.zaxxer.hikari.pool.HikariPool        : HikariPool-1 - Added connection org.postgresql.jdbc.PgConnection@3cc6f036
2025-05-29T00:13:03.277+03:00  INFO 17756 --- [user-service] [main] com.zaxxer.hikari.HikariDataSource       : HikariPool-1 - Start completed.
2025-05-29T00:13:03.369+03:00  WARN 17756 --- [user-service] [main] org.hibernate.orm.deprecation            : HHH90000025: PostgreSQLDialect does not need to be specified explicitly using 'hibernate.dialect' (remove the property setting and it will be selected by default)
2025-05-29T00:13:04.819+03:00  INFO 17756 --- [user-service] [main] o.h.e.t.j.p.i.JtaPlatformInitiator       : HHH000489: No JTA platform available (set 'hibernate.transaction.jta.platform' to enable JTA platform integration)
2025-05-29T00:13:05.437+03:00  INFO 17756 --- [user-service] [main] j.LocalContainerEntityManagerFactoryBean : Initialized JPA EntityManagerFactory for persistence unit 'default'
2025-05-29T00:13:06.001+03:00 DEBUG 17756 --- [user-service] [main] c.e.u.security.JwtAuthenticationFilter   : Filter 'jwtAuthenticationFilter' configured for use
2025-05-29T00:13:06.528+03:00  WARN 17756 --- [user-service] [main] JpaBaseConfiguration$JpaWebConfiguration : spring.jpa.open-in-view is enabled by default. Therefore, database queries may be performed during view rendering. Explicitly configure spring.jpa.open-in-view to disable this warning
2025-05-29T00:13:07.296+03:00  INFO 17756 --- [user-service] [main] o.s.b.a.e.web.EndpointLinksResolver      : Exposing 4 endpoint(s) beneath base path '/actuator'
2025-05-29T00:13:07.361+03:00  INFO 17756 --- [user-service] [main] o.s.s.web.DefaultSecurityFilterChain     : Will secure any request with [org.springframework.security.web.session.DisableEncodeUrlFilter@f7a19c4, org.springframework.security.web.context.request.async.WebAsyncManagerIntegrationFilter@36f93ea3, org.springframework.security.web.context.SecurityContextHolderFilter@5642cd03, org.springframework.security.web.header.HeaderWriterFilter@62036b05, org.springframework.web.filter.CorsFilter@2c48eb31, org.springframework.security.web.authentication.logout.LogoutFilter@2aaf7354, org.springframework.security.web.savedrequest.RequestCacheAwareFilter@2fb006dc, org.springframework.security.web.servletapi.SecurityContextHolderAwareRequestFilter@12fbc568, org.springframework.security.web.authentication.AnonymousAuthenticationFilter@323fa578, org.springframework.security.web.access.ExceptionTranslationFilter@5632bed3, org.springframework.security.web.access.intercept.AuthorizationFilter@68b59e2f]
2025-05-29T00:13:07.921+03:00  INFO 17756 --- [user-service] [main] o.s.b.w.embedded.tomcat.TomcatWebServer  : Tomcat started on port 8050 (http) with context path ''
2025-05-29T00:13:07.936+03:00  INFO 17756 --- [user-service] [main] c.e.user_service.UserServiceApplication  : Started UserServiceApplication in 8.991 seconds (process running for 9.366)
2025-05-29T00:13:23.111+03:00  INFO 17756 --- [user-service] [http-nio-0.0.0.0-8050-exec-1] o.a.c.c.C.[Tomcat].[localhost].[/]       : Initializing Spring DispatcherServlet 'dispatcherServlet'
2025-05-29T00:13:23.111+03:00  INFO 17756 --- [user-service] [http-nio-0.0.0.0-8050-exec-1] o.s.web.servlet.DispatcherServlet        : Initializing Servlet 'dispatcherServlet'
2025-05-29T00:13:23.114+03:00  INFO 17756 --- [user-service] [http-nio-0.0.0.0-8050-exec-1] o.s.web.servlet.DispatcherServlet        : Completed initialization in 2 ms
